<?xml version="1.0" encoding="UTF-8"?>
<!-- Generated by org.testng.reporters.JUnitXMLReporter -->
<testsuite ignored="0" hostname="LAPTOP-NLK7MN5D" failures="0" tests="1" name="Default test" time="0.032" errors="0" timestamp="2024-06-20T16:20:13 IST">
  <testcase classname="TestLayer.LoginPageTest" name="@BeforeTest setUp" time="-1.718880613176E9">
    <failure type="org.testng.TestNGException" message="
Parameter &amp;apos;browsername&amp;apos; is required by BeforeTest on method setUp but has not been marked @Optional or defined
in C:\Users\Alfiya Sanadi\AppData\Local\Temp\testng-eclipse-1247870395\testng-customsuite.xml">
      <![CDATA[org.testng.TestNGException: 
Parameter 'browsername' is required by BeforeTest on method setUp but has not been marked @Optional or defined
in C:\Users\Alfiya Sanadi\AppData\Local\Temp\testng-eclipse-1247870395\testng-customsuite.xml
at org.testng.internal.Parameters.createParams(Parameters.java:270)
at org.testng.internal.Parameters.createParametersForMethod(Parameters.java:358)
at org.testng.internal.Parameters.createParameters(Parameters.java:700)
at org.testng.internal.Parameters.createConfigurationParameters(Parameters.java:168)
at org.testng.internal.ConfigInvoker.invokeConfigurations(ConfigInvoker.java:302)
at org.testng.TestRunner.invokeTestConfigurations(TestRunner.java:637)
at org.testng.TestRunner.beforeRun(TestRunner.java:627)
at org.testng.TestRunner.run(TestRunner.java:589)
at org.testng.SuiteRunner.runTest(SuiteRunner.java:377)
at org.testng.SuiteRunner.runSequentially(SuiteRunner.java:371)
at org.testng.SuiteRunner.privateRun(SuiteRunner.java:332)
at org.testng.SuiteRunner.run(SuiteRunner.java:276)
at org.testng.SuiteRunnerWorker.runSuite(SuiteRunnerWorker.java:53)
at org.testng.SuiteRunnerWorker.run(SuiteRunnerWorker.java:96)
at org.testng.TestNG.runSuitesSequentially(TestNG.java:1212)
at org.testng.TestNG.runSuitesLocally(TestNG.java:1134)
at org.testng.TestNG.runSuites(TestNG.java:1063)
at org.testng.TestNG.run(TestNG.java:1031)
at org.testng.remote.AbstractRemoteTestNG.run(AbstractRemoteTestNG.java:115)
at org.testng.remote.RemoteTestNG.initAndRun(RemoteTestNG.java:293)
at org.testng.remote.RemoteTestNG.main(RemoteTestNG.java:91)
]]>
    </failure>
  </testcase> <!-- @BeforeTest setUp -->
  <testcase classname="TestLayer.LoginPageTest" name="@AfterTest teardown" time="-1.718880613204E9">
    <skipped/>
  </testcase> <!-- @AfterTest teardown -->
  <testcase classname="TestLayer.LoginPageTest" name="validateLoginFunctionality" time="0.0">
    <skipped/>
  </testcase> <!-- validateLoginFunctionality -->
</testsuite> <!-- Default test -->
